2026-06-26 17:50:53,539 INFO root AIOS run started.
2026-06-26 17:50:53,539 INFO root Config loaded from config.yaml
2026-06-26 17:50:53,539 INFO root Portfolio loaded from portfolio.yaml
2026-06-26 17:50:53,539 INFO root Output directory: reports
2026-06-26 17:50:53,540 INFO root Run mode: daily
2026-06-26 17:50:53,540 INFO root Interactive input: False
2026-06-26 17:50:53,540 INFO root Required tickers configured: 14
2026-06-26 17:50:53,540 INFO root Portfolio positions configured: 2
2026-06-26 17:50:53,540 INFO root Fetching market data from yfinance for 14 tickers. Attempt 1/2.
2026-06-26 17:50:54,923 WARNING root Market data fetch failed from yfinance on attempt 1/2: "['date'] not in index"
2026-06-26 17:50:55,923 INFO root Fetching market data from yfinance for 14 tickers. Attempt 2/2.
2026-06-26 17:50:56,018 WARNING root Market data fetch failed from yfinance on attempt 2/2: "['date'] not in index"
2026-06-26 17:50:56,018 WARNING root All fetch attempts failed: "['date'] not in index"
2026-06-26 17:50:56,019 WARNING root Primary provider returned no data. Falling back to CSV cache: data/cache/market_cache.csv
2026-06-26 17:50:56,019 INFO root Fetching market data from csv for 14 tickers. Attempt 1/1.
2026-06-26 17:50:56,022 INFO root Provider used: csv
2026-06-26 17:50:56,022 INFO root Data quality: Degraded
2026-06-26 17:50:56,031 INFO root Market history written to reports/history.csv with 10 rows.
2026-06-26 17:50:56,097 INFO root Latest signal written to reports/latest_signal.json
2026-06-26 17:50:56,097 INFO root Excel dashboard written to reports/investment_dashboard.xlsx
2026-06-26 17:50:56,097 INFO root HTML dashboard written to reports/dashboard.html
2026-06-26 17:50:56,097 INFO root Deployment summary written to reports/deployment_summary.txt
2026-06-26 17:50:56,097 INFO root Recommendation: Uncertain
2026-06-26 17:50:56,097 INFO root Market mode: Mixed
2026-06-26 17:50:56,097 INFO root Confidence: 38
2026-06-26 17:50:56,097 INFO root AIOS run completed.
2026-06-26 17:58:09,213 INFO root AIOS run started.
2026-06-26 17:58:09,214 INFO root Config loaded from config.yaml
2026-06-26 17:58:09,214 INFO root Portfolio loaded from portfolio.yaml
2026-06-26 17:58:09,214 INFO root Output directory: reports
2026-06-26 17:58:09,214 INFO root Run mode: daily
2026-06-26 17:58:09,214 INFO root Interactive input: False
2026-06-26 17:58:09,214 INFO root Required tickers configured: 14
2026-06-26 17:58:09,214 INFO root Portfolio positions configured: 2
2026-06-26 17:58:09,214 INFO root Fetching market data from yfinance for 14 tickers. Attempt 1/2.
2026-06-26 17:58:10,312 WARNING root Market data fetch failed from yfinance on attempt 1/2: "['date'] not in index"
2026-06-26 17:58:11,312 INFO root Fetching market data from yfinance for 14 tickers. Attempt 2/2.
2026-06-26 17:58:11,371 WARNING root Market data fetch failed from yfinance on attempt 2/2: "['date'] not in index"
2026-06-26 17:58:11,371 WARNING root All fetch attempts failed: "['date'] not in index"
2026-06-26 17:58:11,371 WARNING root Primary provider returned no data. Falling back to CSV cache: data/cache/market_cache.csv
2026-06-26 17:58:11,372 INFO root Fetching market data from csv for 14 tickers. Attempt 1/1.
2026-06-26 17:58:11,374 INFO root Provider used: csv
2026-06-26 17:58:11,374 INFO root Data quality: Degraded
2026-06-26 17:58:11,383 INFO root Market history written to reports/history.csv with 10 rows.
2026-06-26 17:58:11,438 INFO root Latest signal written to reports/latest_signal.json
2026-06-26 17:58:11,438 INFO root Excel dashboard written to reports/investment_dashboard.xlsx
2026-06-26 17:58:11,438 INFO root HTML dashboard written to reports/dashboard.html
2026-06-26 17:58:11,438 INFO root Deployment summary written to reports/deployment_summary.txt
2026-06-26 17:58:11,439 INFO root Recommendation: Uncertain
2026-06-26 17:58:11,439 INFO root Market mode: Mixed
2026-06-26 17:58:11,439 INFO root Confidence: 38
2026-06-26 17:58:11,439 INFO root AIOS run completed.
2026-06-26 18:08:09,040 INFO root AIOS run started.
2026-06-26 18:08:09,040 INFO root Config loaded from config.yaml
2026-06-26 18:08:09,040 INFO root Portfolio loaded from portfolio.yaml
2026-06-26 18:08:09,040 INFO root Output directory: reports
2026-06-26 18:08:09,040 INFO root Run mode: daily
2026-06-26 18:08:09,040 INFO root Interactive input: False
2026-06-26 18:08:09,041 INFO root Required tickers configured: 14
2026-06-26 18:08:09,041 INFO root Portfolio positions configured: 2
2026-06-26 18:08:09,041 INFO root Fetching market data from yfinance for 14 tickers. Attempt 1/2.
2026-06-26 18:08:10,371 WARNING root Market data fetch failed from yfinance on attempt 1/2: "['date'] not in index"
2026-06-26 18:08:11,371 INFO root Fetching market data from yfinance for 14 tickers. Attempt 2/2.
2026-06-26 18:08:11,431 WARNING root Market data fetch failed from yfinance on attempt 2/2: "['date'] not in index"
2026-06-26 18:08:11,431 WARNING root All fetch attempts failed: "['date'] not in index"
2026-06-26 18:08:11,431 WARNING root Primary provider returned no data. Falling back to CSV cache: data/cache/market_cache.csv
2026-06-26 18:08:11,431 INFO root Fetching market data from csv for 14 tickers. Attempt 1/1.
2026-06-26 18:08:11,434 INFO root Provider used: csv
2026-06-26 18:08:11,434 INFO root Data quality: Degraded
2026-06-26 18:08:11,444 INFO root Market history written to reports/history.csv with 10 rows.
2026-06-26 18:08:11,507 INFO root Latest signal written to reports/latest_signal.json
2026-06-26 18:08:11,507 INFO root Excel dashboard written to reports/investment_dashboard.xlsx
2026-06-26 18:08:11,507 INFO root HTML dashboard written to reports/dashboard.html
2026-06-26 18:08:11,507 INFO root Deployment summary written to reports/deployment_summary.txt
2026-06-26 18:08:11,508 INFO root Recommendation: Uncertain
2026-06-26 18:08:11,508 INFO root Market mode: Mixed
2026-06-26 18:08:11,508 INFO root Confidence: 38
2026-06-26 18:08:11,508 INFO root AIOS run completed.
2026-06-26 18:18:35,884 INFO root AIOS run started.
2026-06-26 18:18:35,884 INFO root Config loaded from config.yaml
2026-06-26 18:18:35,884 INFO root Portfolio loaded from portfolio.yaml
2026-06-26 18:18:35,884 INFO root Output directory: reports
2026-06-26 18:18:35,884 INFO root Run mode: daily
2026-06-26 18:18:35,884 INFO root Interactive input: False
2026-06-26 18:18:35,884 INFO root Required tickers configured: 14
2026-06-26 18:18:35,884 INFO root Portfolio positions configured: 2
2026-06-26 18:18:35,884 INFO root Fetching market data from yfinance for 14 tickers. Attempt 1/2.
2026-06-26 18:18:37,011 WARNING root Market data fetch failed from yfinance on attempt 1/2: "['date'] not in index"
2026-06-26 18:18:38,011 INFO root Fetching market data from yfinance for 14 tickers. Attempt 2/2.
2026-06-26 18:18:38,082 WARNING root Market data fetch failed from yfinance on attempt 2/2: "['date'] not in index"
2026-06-26 18:18:38,082 WARNING root All fetch attempts failed: "['date'] not in index"
2026-06-26 18:18:38,082 WARNING root Primary provider returned no data. Falling back to CSV cache: data/cache/market_cache.csv
2026-06-26 18:18:38,082 INFO root Fetching market data from csv for 14 tickers. Attempt 1/1.
2026-06-26 18:18:38,085 INFO root Provider used: csv
2026-06-26 18:18:38,085 INFO root Data quality: Degraded
2026-06-26 18:18:38,096 INFO root Market history written to reports/history.csv with 10 rows.
2026-06-26 18:18:38,158 INFO root Latest signal written to reports/latest_signal.json
2026-06-26 18:18:38,158 INFO root Excel dashboard written to reports/investment_dashboard.xlsx
2026-06-26 18:18:38,159 INFO root HTML dashboard written to reports/dashboard.html
2026-06-26 18:18:38,159 INFO root Deployment summary written to reports/deployment_summary.txt
2026-06-26 18:18:38,159 INFO root Recommendation: Uncertain
2026-06-26 18:18:38,159 INFO root Market mode: Mixed
2026-06-26 18:18:38,159 INFO root Confidence: 38
2026-06-26 18:18:38,159 INFO root AIOS run completed.
2026-06-27 02:51:30,216 INFO root AIOS run started.
2026-06-27 02:51:30,216 INFO root Config loaded from config.yaml
2026-06-27 02:51:30,216 INFO root Portfolio loaded from portfolio.yaml
2026-06-27 02:51:30,217 INFO root Output directory: reports
2026-06-27 02:51:30,217 INFO root Run mode: daily
2026-06-27 02:51:30,217 INFO root Interactive input: False
2026-06-27 02:51:30,217 INFO root Required tickers configured: 14
2026-06-27 02:51:30,217 INFO root Portfolio positions configured: 2
2026-06-27 02:51:30,217 INFO root Fetching market data from yfinance for 14 tickers. Attempt 1/2.
2026-06-27 02:51:30,915 WARNING root Market data fetch failed from yfinance on attempt 1/2: "['date'] not in index"
2026-06-27 02:51:31,916 INFO root Fetching market data from yfinance for 14 tickers. Attempt 2/2.
2026-06-27 02:51:31,980 WARNING root Market data fetch failed from yfinance on attempt 2/2: "['date'] not in index"
2026-06-27 02:51:31,980 WARNING root All fetch attempts failed: "['date'] not in index"
2026-06-27 02:51:31,980 WARNING root Primary provider returned no data. Falling back to CSV cache: data/cache/market_cache.csv
2026-06-27 02:51:31,981 INFO root Fetching market data from csv for 14 tickers. Attempt 1/1.
2026-06-27 02:51:31,983 INFO root Provider used: csv
2026-06-27 02:51:31,983 INFO root Data quality: Degraded
2026-06-27 02:51:31,992 INFO root Market history written to reports/history.csv with 10 rows.
2026-06-27 02:51:32,049 INFO root Latest signal written to reports/latest_signal.json
2026-06-27 02:51:32,049 INFO root Excel dashboard written to reports/investment_dashboard.xlsx
2026-06-27 02:51:32,049 INFO root HTML dashboard written to reports/dashboard.html
2026-06-27 02:51:32,049 INFO root Deployment summary written to reports/deployment_summary.txt
2026-06-27 02:51:32,049 INFO root Recommendation: Uncertain
2026-06-27 02:51:32,049 INFO root Market mode: Mixed
2026-06-27 02:51:32,049 INFO root Confidence: 38
2026-06-27 02:51:32,049 INFO root AIOS run completed.
2026-06-27 03:17:53,812 INFO root AIOS run started.
2026-06-27 03:17:53,812 INFO root Config loaded from config.yaml
2026-06-27 03:17:53,812 INFO root Portfolio loaded from portfolio.yaml
2026-06-27 03:17:53,812 INFO root Output directory: reports
2026-06-27 03:17:53,812 INFO root Run mode: daily
2026-06-27 03:17:53,812 INFO root Interactive input: False
2026-06-27 03:17:53,812 INFO root Required tickers configured: 14
2026-06-27 03:17:53,812 INFO root Portfolio positions configured: 2
2026-06-27 03:17:53,812 INFO root Fetching market data from yfinance for 14 tickers. Attempt 1/2.
2026-06-27 03:17:55,291 WARNING root Market data fetch failed from yfinance on attempt 1/2: "['date'] not in index"
2026-06-27 03:17:56,292 INFO root Fetching market data from yfinance for 14 tickers. Attempt 2/2.
2026-06-27 03:17:56,355 WARNING root Market data fetch failed from yfinance on attempt 2/2: "['date'] not in index"
2026-06-27 03:17:56,355 WARNING root All fetch attempts failed: "['date'] not in index"
2026-06-27 03:17:56,356 WARNING root Primary provider returned no data. Falling back to CSV cache: data/cache/market_cache.csv
2026-06-27 03:17:56,356 INFO root Fetching market data from csv for 14 tickers. Attempt 1/1.
2026-06-27 03:17:56,359 INFO root Provider used: csv
2026-06-27 03:17:56,359 INFO root Data quality: Degraded
2026-06-27 03:17:56,368 INFO root Market history written to reports/history.csv with 10 rows.
2026-06-27 03:17:56,423 INFO root Latest signal written to reports/latest_signal.json
2026-06-27 03:17:56,424 INFO root Excel dashboard written to reports/investment_dashboard.xlsx
2026-06-27 03:17:56,424 INFO root HTML dashboard written to reports/dashboard.html
2026-06-27 03:17:56,424 INFO root Deployment summary written to reports/deployment_summary.txt
2026-06-27 03:17:56,424 INFO root Recommendation: Uncertain
2026-06-27 03:17:56,424 INFO root Market mode: Mixed
2026-06-27 03:17:56,424 INFO root Confidence: 38
2026-06-27 03:17:56,424 INFO root AIOS run completed.
2026-06-27 11:33:31,262 INFO root AIOS run started.
2026-06-27 11:33:31,263 INFO root Config loaded from config.yaml
2026-06-27 11:33:31,263 INFO root Portfolio loaded from portfolio.yaml
2026-06-27 11:33:31,263 INFO root Output directory: reports
2026-06-27 11:33:31,263 INFO root Run mode: daily
2026-06-27 11:33:31,263 INFO root Interactive input: False
2026-06-27 11:33:31,263 INFO root Required tickers configured: 14
2026-06-27 11:33:31,263 INFO root Portfolio positions configured: 2
2026-06-27 11:33:31,263 INFO root Fetching market data from yfinance for 14 tickers. Attempt 1/2.
2026-06-27 11:33:33,751 ERROR yfinance 
1 Failed download:
2026-06-27 11:33:33,751 ERROR yfinance ['7709.HK']: YFRateLimitError('Too Many Requests. Rate limited. Try after a while.')
2026-06-27 11:33:35,524 ERROR yfinance 
1 Failed download:
2026-06-27 11:33:35,524 ERROR yfinance ['7747.HK']: YFRateLimitError('Too Many Requests. Rate limited. Try after a while.')
2026-06-27 11:33:36,884 ERROR yfinance 
1 Failed download:
2026-06-27 11:33:36,885 ERROR yfinance ['000660.KS']: YFRateLimitError('Too Many Requests. Rate limited. Try after a while.')
2026-06-27 11:33:38,703 ERROR yfinance 
1 Failed download:
2026-06-27 11:33:38,704 ERROR yfinance ['005930.KS']: YFRateLimitError('Too Many Requests. Rate limited. Try after a while.')
2026-06-27 11:33:40,035 ERROR yfinance 
1 Failed download:
2026-06-27 11:33:40,035 ERROR yfinance ['MU']: YFRateLimitError('Too Many Requests. Rate limited. Try after a while.')
2026-06-27 11:33:41,818 ERROR yfinance 
1 Failed download:
2026-06-27 11:33:41,819 ERROR yfinance ['NVDA']: YFRateLimitError('Too Many Requests. Rate limited. Try after a while.')
2026-06-27 11:33:43,182 ERROR yfinance 
1 Failed download:
2026-06-27 11:33:43,182 ERROR yfinance ['MSFT']: YFRateLimitError('Too Many Requests. Rate limited. Try after a while.')
2026-06-27 11:33:44,991 ERROR yfinance 
1 Failed download:
2026-06-27 11:33:44,992 ERROR yfinance ['GOOGL']: YFRateLimitError('Too Many Requests. Rate limited. Try after a while.')
2026-06-27 11:33:46,331 ERROR yfinance 
1 Failed download:
2026-06-27 11:33:46,331 ERROR yfinance ['AMZN']: YFRateLimitError('Too Many Requests. Rate limited. Try after a while.')
2026-06-27 11:33:48,113 ERROR yfinance 
1 Failed download:
2026-06-27 11:33:48,114 ERROR yfinance ['META']: YFRateLimitError('Too Many Requests. Rate limited. Try after a while.')
2026-06-27 11:33:49,470 ERROR yfinance 
1 Failed download:
2026-06-27 11:33:49,470 ERROR yfinance ['AAPL']: YFRateLimitError('Too Many Requests. Rate limited. Try after a while.')
2026-06-27 11:33:51,276 ERROR yfinance 
1 Failed download:
2026-06-27 11:33:51,277 ERROR yfinance ['TSLA']: YFRateLimitError('Too Many Requests. Rate limited. Try after a while.')
2026-06-27 11:33:52,621 ERROR yfinance 
1 Failed download:
2026-06-27 11:33:52,621 ERROR yfinance ['QQQ']: YFRateLimitError('Too Many Requests. Rate limited. Try after a while.')
2026-06-27 11:33:54,404 ERROR yfinance 
1 Failed download:
2026-06-27 11:33:54,405 ERROR yfinance ['SOXX']: YFRateLimitError('Too Many Requests. Rate limited. Try after a while.')
2026-06-27 11:33:55,420 INFO root Fetching market data from yfinance for 14 tickers. Attempt 2/2.
2026-06-27 11:33:56,812 ERROR yfinance 
1 Failed download:
2026-06-27 11:33:56,813 ERROR yfinance ['7709.HK']: YFRateLimitError('Too Many Requests. Rate limited. Try after a while.')
2026-06-27 11:33:58,592 ERROR yfinance 
1 Failed download:
2026-06-27 11:33:58,593 ERROR yfinance ['7747.HK']: YFRateLimitError('Too Many Requests. Rate limited. Try after a while.')
2026-06-27 11:33:59,959 ERROR yfinance 
1 Failed download:
2026-06-27 11:33:59,959 ERROR yfinance ['000660.KS']: YFRateLimitError('Too Many Requests. Rate limited. Try after a while.')
2026-06-27 11:34:01,749 ERROR yfinance 
1 Failed download:
2026-06-27 11:34:01,749 ERROR yfinance ['005930.KS']: YFRateLimitError('Too Many Requests. Rate limited. Try after a while.')
2026-06-27 11:34:03,100 ERROR yfinance 
1 Failed download:
2026-06-27 11:34:03,100 ERROR yfinance ['MU']: YFRateLimitError('Too Many Requests. Rate limited. Try after a while.')
2026-06-27 11:34:04,884 ERROR yfinance 
1 Failed download:
2026-06-27 11:34:04,885 ERROR yfinance ['NVDA']: YFRateLimitError('Too Many Requests. Rate limited. Try after a while.')
2026-06-27 11:34:06,247 ERROR yfinance 
1 Failed download:
2026-06-27 11:34:06,247 ERROR yfinance ['MSFT']: YFRateLimitError('Too Many Requests. Rate limited. Try after a while.')
2026-06-27 11:34:08,037 ERROR yfinance 
1 Failed download:
2026-06-27 11:34:08,037 ERROR yfinance ['GOOGL']: YFRateLimitError('Too Many Requests. Rate limited. Try after a while.')
2026-06-27 11:34:09,392 ERROR yfinance 
1 Failed download:
2026-06-27 11:34:09,392 ERROR yfinance ['AMZN']: YFRateLimitError('Too Many Requests. Rate limited. Try after a while.')
2026-06-27 11:34:11,202 ERROR yfinance 
1 Failed download:
2026-06-27 11:34:11,203 ERROR yfinance ['META']: YFRateLimitError('Too Many Requests. Rate limited. Try after a while.')
2026-06-27 11:34:12,542 ERROR yfinance 
1 Failed download:
2026-06-27 11:34:12,543 ERROR yfinance ['AAPL']: YFRateLimitError('Too Many Requests. Rate limited. Try after a while.')
2026-06-27 11:34:14,325 ERROR yfinance 
1 Failed download:
2026-06-27 11:34:14,325 ERROR yfinance ['TSLA']: YFRateLimitError('Too Many Requests. Rate limited. Try after a while.')
2026-06-27 11:34:15,682 ERROR yfinance 
1 Failed download:
2026-06-27 11:34:15,682 ERROR yfinance ['QQQ']: YFRateLimitError('Too Many Requests. Rate limited. Try after a while.')
2026-06-27 11:34:17,783 ERROR yfinance 
1 Failed download:
2026-06-27 11:34:17,783 ERROR yfinance ['SOXX']: YFRateLimitError('Too Many Requests. Rate limited. Try after a while.')
2026-06-27 11:34:17,788 WARNING root Primary provider missing 14 tickers. Falling back to CSV cache: data/cache/market_cache.csv
2026-06-27 11:34:17,788 INFO root Fetching market data from csv for 14 tickers. Attempt 1/1.
2026-06-27 11:34:17,795 INFO root Provider used: csv
2026-06-27 11:34:17,795 INFO root Data quality: Degraded
2026-06-27 11:34:17,809 INFO root Market history written to reports/history.csv with 10 rows.
2026-06-27 11:34:17,866 INFO root Latest signal written to reports/latest_signal.json
2026-06-27 11:34:17,866 INFO root Excel dashboard written to reports/investment_dashboard.xlsx
2026-06-27 11:34:17,866 INFO root HTML dashboard written to reports/dashboard.html
2026-06-27 11:34:17,866 INFO root Deployment summary written to reports/deployment_summary.txt
2026-06-27 11:34:17,866 INFO root Recommendation: Uncertain
2026-06-27 11:34:17,866 INFO root Market mode: Mixed
2026-06-27 11:34:17,866 INFO root Confidence: 38
2026-06-27 11:34:17,867 INFO root AIOS run completed.
2026-06-27 11:35:01,472 INFO root AIOS run started.
2026-06-27 11:35:01,472 INFO root Config loaded from config.yaml
2026-06-27 11:35:01,472 INFO root Portfolio loaded from portfolio.yaml
2026-06-27 11:35:01,472 INFO root Output directory: reports
2026-06-27 11:35:01,472 INFO root Run mode: daily
2026-06-27 11:35:01,472 INFO root Interactive input: False
2026-06-27 11:35:01,472 INFO root Required tickers configured: 14
2026-06-27 11:35:01,472 INFO root Portfolio positions configured: 2
2026-06-27 11:35:01,473 INFO root Fetching market data from yfinance for 14 tickers. Attempt 1/2.
2026-06-27 11:35:03,927 ERROR yfinance 
1 Failed download:
2026-06-27 11:35:03,927 ERROR yfinance ['7709.HK']: YFRateLimitError('Too Many Requests. Rate limited. Try after a while.')
2026-06-27 11:35:06,132 ERROR yfinance 
1 Failed download:
2026-06-27 11:35:06,132 ERROR yfinance ['7747.HK']: YFRateLimitError('Too Many Requests. Rate limited. Try after a while.')
2026-06-27 11:35:07,587 ERROR yfinance 
1 Failed download:
2026-06-27 11:35:07,587 ERROR yfinance ['000660.KS']: YFRateLimitError('Too Many Requests. Rate limited. Try after a while.')
2026-06-27 11:35:09,398 ERROR yfinance 
1 Failed download:
2026-06-27 11:35:09,399 ERROR yfinance ['005930.KS']: YFRateLimitError('Too Many Requests. Rate limited. Try after a while.')
2026-06-27 11:35:10,732 ERROR yfinance 
1 Failed download:
2026-06-27 11:35:10,733 ERROR yfinance ['MU']: YFRateLimitError('Too Many Requests. Rate limited. Try after a while.')
2026-06-27 11:35:12,515 ERROR yfinance 
1 Failed download:
2026-06-27 11:35:12,515 ERROR yfinance ['NVDA']: YFRateLimitError('Too Many Requests. Rate limited. Try after a while.')
2026-06-27 11:35:13,880 ERROR yfinance 
1 Failed download:
2026-06-27 11:35:13,880 ERROR yfinance ['MSFT']: YFRateLimitError('Too Many Requests. Rate limited. Try after a while.')
2026-06-27 11:35:15,692 ERROR yfinance 
1 Failed download:
2026-06-27 11:35:15,693 ERROR yfinance ['GOOGL']: YFRateLimitError('Too Many Requests. Rate limited. Try after a while.')
2026-06-27 11:35:17,025 ERROR yfinance 
1 Failed download:
2026-06-27 11:35:17,025 ERROR yfinance ['AMZN']: YFRateLimitError('Too Many Requests. Rate limited. Try after a while.')
2026-06-27 11:35:18,821 ERROR yfinance 
1 Failed download:
2026-06-27 11:35:18,822 ERROR yfinance ['META']: YFRateLimitError('Too Many Requests. Rate limited. Try after a while.')
2026-06-27 11:35:20,171 ERROR yfinance 
1 Failed download:
2026-06-27 11:35:20,172 ERROR yfinance ['AAPL']: YFRateLimitError('Too Many Requests. Rate limited. Try after a while.')
2026-06-27 11:35:21,989 ERROR yfinance 
1 Failed download:
2026-06-27 11:35:21,990 ERROR yfinance ['TSLA']: YFRateLimitError('Too Many Requests. Rate limited. Try after a while.')
2026-06-27 11:35:23,316 ERROR yfinance 
1 Failed download:
2026-06-27 11:35:23,316 ERROR yfinance ['QQQ']: YFRateLimitError('Too Many Requests. Rate limited. Try after a while.')
2026-06-27 11:35:25,096 ERROR yfinance 
1 Failed download:
2026-06-27 11:35:25,096 ERROR yfinance ['SOXX']: YFRateLimitError('Too Many Requests. Rate limited. Try after a while.')
2026-06-27 11:35:26,111 INFO root Fetching market data from yfinance for 14 tickers. Attempt 2/2.
2026-06-27 11:35:27,509 ERROR yfinance 
1 Failed download:
2026-06-27 11:35:27,509 ERROR yfinance ['7709.HK']: YFRateLimitError('Too Many Requests. Rate limited. Try after a while.')
2026-06-27 11:35:29,294 ERROR yfinance 
1 Failed download:
2026-06-27 11:35:29,295 ERROR yfinance ['7747.HK']: YFRateLimitError('Too Many Requests. Rate limited. Try after a while.')
2026-06-27 11:35:30,655 ERROR yfinance 
1 Failed download:
2026-06-27 11:35:30,656 ERROR yfinance ['000660.KS']: YFRateLimitError('Too Many Requests. Rate limited. Try after a while.')
2026-06-27 11:35:32,463 ERROR yfinance 
1 Failed download:
2026-06-27 11:35:32,464 ERROR yfinance ['005930.KS']: YFRateLimitError('Too Many Requests. Rate limited. Try after a while.')
2026-06-27 11:35:33,801 ERROR yfinance 
1 Failed download:
2026-06-27 11:35:33,801 ERROR yfinance ['MU']: YFRateLimitError('Too Many Requests. Rate limited. Try after a while.')
2026-06-27 11:35:35,591 ERROR yfinance 
1 Failed download:
2026-06-27 11:35:35,591 ERROR yfinance ['NVDA']: YFRateLimitError('Too Many Requests. Rate limited. Try after a while.')
2026-06-27 11:35:36,947 ERROR yfinance 
1 Failed download:
2026-06-27 11:35:36,947 ERROR yfinance ['MSFT']: YFRateLimitError('Too Many Requests. Rate limited. Try after a while.')
2026-06-27 11:35:38,745 ERROR yfinance 
1 Failed download:
2026-06-27 11:35:38,747 ERROR yfinance ['GOOGL']: YFRateLimitError('Too Many Requests. Rate limited. Try after a while.')
2026-06-27 11:35:40,091 ERROR yfinance 
1 Failed download:
2026-06-27 11:35:40,091 ERROR yfinance ['AMZN']: YFRateLimitError('Too Many Requests. Rate limited. Try after a while.')
2026-06-27 11:35:41,877 ERROR yfinance 
1 Failed download:
2026-06-27 11:35:41,877 ERROR yfinance ['META']: YFRateLimitError('Too Many Requests. Rate limited. Try after a while.')
2026-06-27 11:35:43,237 ERROR yfinance 
1 Failed download:
2026-06-27 11:35:43,237 ERROR yfinance ['AAPL']: YFRateLimitError('Too Many Requests. Rate limited. Try after a while.')
2026-06-27 11:35:45,044 ERROR yfinance 
1 Failed download:
2026-06-27 11:35:45,044 ERROR yfinance ['TSLA']: YFRateLimitError('Too Many Requests. Rate limited. Try after a while.')
2026-06-27 11:35:46,385 ERROR yfinance 
1 Failed download:
2026-06-27 11:35:46,385 ERROR yfinance ['QQQ']: YFRateLimitError('Too Many Requests. Rate limited. Try after a while.')
2026-06-27 11:35:48,178 ERROR yfinance 
1 Failed download:
2026-06-27 11:35:48,179 ERROR yfinance ['SOXX']: YFRateLimitError('Too Many Requests. Rate limited. Try after a while.')
2026-06-27 11:35:48,183 WARNING root Primary provider missing 14 tickers. Falling back to CSV cache: data/cache/market_cache.csv
2026-06-27 11:35:48,184 INFO root Fetching market data from csv for 14 tickers. Attempt 1/1.
2026-06-27 11:35:48,190 INFO root Provider used: csv
2026-06-27 11:35:48,190 INFO root Data quality: Degraded
2026-06-27 11:35:48,202 INFO root Market history written to reports/history.csv with 10 rows.
2026-06-27 11:35:48,256 INFO root Latest signal written to reports/latest_signal.json
2026-06-27 11:35:48,256 INFO root Excel dashboard written to reports/investment_dashboard.xlsx
2026-06-27 11:35:48,256 INFO root HTML dashboard written to reports/dashboard.html
2026-06-27 11:35:48,256 INFO root Deployment summary written to reports/deployment_summary.txt
2026-06-27 11:35:48,256 INFO root Recommendation: Uncertain
2026-06-27 11:35:48,256 INFO root Market mode: Mixed
2026-06-27 11:35:48,256 INFO root Confidence: 38
2026-06-27 11:35:48,257 INFO root AIOS run completed.
2026-06-27 03:42:14,784 INFO root AIOS run started.
2026-06-27 03:42:14,784 INFO root Config loaded from config.yaml
2026-06-27 03:42:14,784 INFO root Portfolio loaded from portfolio.yaml
2026-06-27 03:42:14,784 INFO root Output directory: reports
2026-06-27 03:42:14,784 INFO root Run mode: daily
2026-06-27 03:42:14,784 INFO root Interactive input: False
2026-06-27 03:42:14,784 INFO root Required tickers configured: 14
2026-06-27 03:42:14,784 INFO root Portfolio positions configured: 2
2026-06-27 03:42:14,784 INFO root Fetching market data from yfinance for 14 tickers. Attempt 1/2.
2026-06-27 03:42:15,563 WARNING root Market data fetch failed from yfinance on attempt 1/2: "['date'] not in index"
2026-06-27 03:42:16,563 INFO root Fetching market data from yfinance for 14 tickers. Attempt 2/2.
2026-06-27 03:42:16,588 WARNING root Market data fetch failed from yfinance on attempt 2/2: "['date'] not in index"
2026-06-27 03:42:16,588 WARNING root All fetch attempts failed: "['date'] not in index"
2026-06-27 03:42:16,589 WARNING root Primary provider missing 14 tickers. Falling back to CSV cache: data/cache/market_cache.csv
2026-06-27 03:42:16,589 INFO root Fetching market data from csv for 14 tickers. Attempt 1/1.
2026-06-27 03:42:16,591 INFO root Provider used: csv
2026-06-27 03:42:16,591 INFO root Data quality: Degraded
2026-06-27 03:42:16,600 INFO root Market history written to reports/history.csv with 10 rows.
2026-06-27 03:42:16,658 INFO root Latest signal written to reports/latest_signal.json
2026-06-27 03:42:16,658 INFO root Excel dashboard written to reports/investment_dashboard.xlsx
2026-06-27 03:42:16,658 INFO root HTML dashboard written to reports/dashboard.html
2026-06-27 03:42:16,658 INFO root Deployment summary written to reports/deployment_summary.txt
2026-06-27 03:42:16,658 INFO root Recommendation: Uncertain
2026-06-27 03:42:16,658 INFO root Market mode: Mixed
2026-06-27 03:42:16,658 INFO root Confidence: 38
2026-06-27 03:42:16,658 INFO root AIOS run completed.
2026-06-27 04:59:34,055 INFO root AIOS run started.
2026-06-27 04:59:34,055 INFO root Config loaded from config.yaml
2026-06-27 04:59:34,055 INFO root Portfolio loaded from portfolio.yaml
2026-06-27 04:59:34,055 INFO root Output directory: reports
2026-06-27 04:59:34,055 INFO root Run mode: daily
2026-06-27 04:59:34,055 INFO root Interactive input: False
2026-06-27 04:59:34,055 INFO root Required tickers configured: 14
2026-06-27 04:59:34,055 INFO root Portfolio positions configured: 2
2026-06-27 04:59:34,056 INFO root Fetching market data from multi-source provider for 14 tickers.
2026-06-27 04:59:35,309 WARNING root Provider yfinance failed: "['date'] not in index"
2026-06-27 04:59:35,309 INFO root Stooq does not support ticker mapping for 7709.HK
2026-06-27 04:59:35,309 INFO root Stooq does not support ticker mapping for 7747.HK
2026-06-27 04:59:35,309 INFO root Stooq does not support ticker mapping for 000660.KS
2026-06-27 04:59:35,309 INFO root Stooq does not support ticker mapping for 005930.KS
2026-06-27 04:59:35,961 WARNING root Stooq fetch failed for MU: HTTP Error 404: Not Found
2026-06-27 04:59:36,461 WARNING root Stooq fetch failed for NVDA: HTTP Error 404: Not Found
2026-06-27 04:59:37,099 WARNING root Stooq fetch failed for MSFT: HTTP Error 404: Not Found
2026-06-27 04:59:37,747 WARNING root Stooq fetch failed for GOOGL: HTTP Error 404: Not Found
2026-06-27 04:59:38,224 WARNING root Stooq fetch failed for AMZN: HTTP Error 404: Not Found
2026-06-27 04:59:38,889 WARNING root Stooq fetch failed for META: HTTP Error 404: Not Found
2026-06-27 04:59:39,391 WARNING root Stooq fetch failed for AAPL: HTTP Error 404: Not Found
2026-06-27 04:59:40,054 WARNING root Stooq fetch failed for TSLA: HTTP Error 404: Not Found
2026-06-27 04:59:40,537 WARNING root Stooq fetch failed for QQQ: HTTP Error 404: Not Found
2026-06-27 04:59:41,018 WARNING root Stooq fetch failed for SOXX: HTTP Error 404: Not Found
2026-06-27 04:59:41,020 INFO root Alpha Vantage provider disabled; API key is missing.
2026-06-27 04:59:41,020 INFO root Finnhub provider disabled; API key is missing.
2026-06-27 04:59:41,034 INFO root Provider used: csv
2026-06-27 04:59:41,035 INFO root Data quality: Degraded
2026-06-27 04:59:41,044 INFO root Market history written to reports/history.csv with 10 rows.
2026-06-27 04:59:41,110 INFO root Latest signal written to reports/latest_signal.json
2026-06-27 04:59:41,110 INFO root Excel dashboard written to reports/investment_dashboard.xlsx
2026-06-27 04:59:41,110 INFO root HTML dashboard written to reports/dashboard.html
2026-06-27 04:59:41,111 INFO root Deployment summary written to reports/deployment_summary.txt
2026-06-27 04:59:41,111 INFO root Recommendation: Uncertain
2026-06-27 04:59:41,111 INFO root Market mode: Mixed
2026-06-27 04:59:41,111 INFO root Confidence: 38
2026-06-27 04:59:41,111 INFO root AIOS run completed.
